core/full/build/intermediates/manifest_merge_blame_file/debug/manifest-merger-blame-debug-report.txt
1<?xml version="1.0" encoding="utf-8"?>
2<!--
3 托管 Service 随 aar 合并进宿主，全量形态业务无需自己声明 Service。
4     Service 加 android:permission（signature 级）做 ACL：只有同签名 App 能 bind。
5-->
6<manifest xmlns:android="http://schemas.android.com/apk/res/android"
7    package="com.baic.bridge.core.full" >
8
9    <uses-sdk android:minSdkVersion="28" />
10
11    <application>
11-->src/main/AndroidManifest.xml:5:5-14:19
12        <service
12-->src/main/AndroidManifest.xml:6:9-13:19
13            android:name="com.baic.bridge.core.full.BridgeNodeService"
13-->src/main/AndroidManifest.xml:7:13-71
14            android:exported="true"
14-->src/main/AndroidManifest.xml:8:13-36
15            android:permission="com.baic.bridge.permission.LINK" >
15-->src/main/AndroidManifest.xml:9:13-65
16            <intent-filter>
16-->src/main/AndroidManifest.xml:10:13-12:29
17                <action android:name="com.baic.bridge.NODE" />
17-->src/main/AndroidManifest.xml:11:17-63
17-->src/main/AndroidManifest.xml:11:25-60
18            </intent-filter>
19        </service>
20    </application>
21
22</manifest>